<?xml version="1.0" encoding="UTF-8"?>
<robot generator="Robot 7.3.2 (Python 3.13.5 on win32)" generated="2025-09-07T23:16:27.531588" rpa="false" schemaversion="5">
<suite id="s1" name="Amazon Testes gherkin" source="C:\Users\w.souza.da.silva\Documents\ROBOT\CURSO DA MAY\ROBOTFRAMEWORK\WebTesting\Amazon_Testes_gherkin\Amazon_Testes_gherkin.robot">
<kw name="Abrir o navegador na home da Amazon" owner="amazon_gherkin_resources" type="SETUP">
<kw name="Open Browser" owner="SeleniumLibrary">
<msg time="2025-09-07T23:16:27.935159" level="INFO">Opening browser 'chrome' to base url 'https://www.amazon.com.br'.</msg>
<arg>${URL}</arg>
<arg>chrome</arg>
<doc>Opens a new browser instance to the optional ``url``.</doc>
<status status="PASS" start="2025-09-07T23:16:27.934944" elapsed="15.914360"/>
</kw>
<kw name="Maximize Browser Window" owner="SeleniumLibrary">
<doc>Maximizes current browser window.</doc>
<status status="PASS" start="2025-09-07T23:16:43.849926" elapsed="0.302293"/>
</kw>
<status status="PASS" start="2025-09-07T23:16:27.934242" elapsed="16.218335"/>
</kw>
<test id="s1-t1" name="Caso de Teste 01 - Acesso ao menu &quot;Eletronicos&quot;" line="11">
<kw name="Dado que estou na home page da Amazon.com.br" owner="amazon_gherkin_resources">
<kw name="Go To" owner="SeleniumLibrary">
<msg time="2025-09-07T23:16:44.156932" level="INFO">Opening url 'https://www.amazon.com.br'</msg>
<arg>${URL}</arg>
<doc>Navigates the current browser window to the provided ``url``.</doc>
<status status="PASS" start="2025-09-07T23:16:44.156384" elapsed="6.328465"/>
</kw>
<kw name="Wait Until Page Contains Element" owner="SeleniumLibrary">
<arg>${CAMPO_PESQUISA}</arg>
<arg>timeout=10s</arg>
<doc>Waits until the element ``locator`` appears on the current page.</doc>
<status status="PASS" start="2025-09-07T23:16:50.486152" elapsed="0.063754"/>
</kw>
<status status="PASS" start="2025-09-07T23:16:44.154979" elapsed="6.395249"/>
</kw>
<kw name="Quando acessar o menu &quot;Eletrônicos&quot;" owner="amazon_gherkin_resources" source_name="Quando acessar o menu &quot;${nome_do_menu}&quot;">
<kw name="Set Variable" owner="BuiltIn">
<msg time="2025-09-07T23:16:50.552815" level="INFO">${locator_menu} = //a[normalize-space()='Eletrônicos']</msg>
<var>${locator_menu}</var>
<arg>//a[normalize-space()='${nome_do_menu}']</arg>
<doc>Returns the given values which can then be assigned to a variables.</doc>
<status status="PASS" start="2025-09-07T23:16:50.552089" elapsed="0.000842"/>
</kw>
<kw name="Wait Until Element Is Visible" owner="SeleniumLibrary">
<arg>${locator_menu}</arg>
<doc>Waits until the element ``locator`` is visible.</doc>
<status status="PASS" start="2025-09-07T23:16:50.553446" elapsed="0.136347"/>
</kw>
<kw name="Click Element" owner="SeleniumLibrary">
<msg time="2025-09-07T23:16:50.691413" level="INFO">Clicking element '//a[normalize-space()='Eletrônicos']'.</msg>
<arg>${locator_menu}</arg>
<doc>Click the element identified by ``locator``.</doc>
<status status="PASS" start="2025-09-07T23:16:50.690722" elapsed="5.293947"/>
</kw>
<status status="PASS" start="2025-09-07T23:16:50.551157" elapsed="5.433795"/>
</kw>
<kw name="Então o título da página deve ficar &quot;Eletrônicos e Tecnologia | Amazon.com.br&quot;" owner="amazon_gherkin_resources" source_name="Então o título da página deve ficar &quot;${titulo_esperado}&quot;">
<kw name="Title Should Be" owner="SeleniumLibrary">
<msg time="2025-09-07T23:16:56.002904" level="INFO">Page title is 'Eletrônicos e Tecnologia | Amazon.com.br'.</msg>
<arg>${titulo_esperado}</arg>
<doc>Verifies that the current page title equals ``title``.</doc>
<status status="PASS" start="2025-09-07T23:16:55.986501" elapsed="0.016588"/>
</kw>
<status status="PASS" start="2025-09-07T23:16:55.985728" elapsed="0.017593"/>
</kw>
<kw name="o texto &quot;Eletrônicos e Tecnologia&quot; deve ser exibido na página" owner="amazon_gherkin_resources" source_name="o texto &quot;${texto}&quot; deve ser exibido na página">
<kw name="Wait Until Page Contains" owner="SeleniumLibrary">
<arg>${texto}</arg>
<doc>Waits until ``text`` appears on the current page.</doc>
<status status="PASS" start="2025-09-07T23:16:56.004590" elapsed="0.074379"/>
</kw>
<status status="PASS" start="2025-09-07T23:16:56.003979" elapsed="0.075269"/>
</kw>
<kw name="a categoria &quot;Computadores e Informática&quot; deve ser exibida na página" owner="amazon_gherkin_resources" source_name="a categoria &quot;${categoria}&quot; deve ser exibida na página">
<kw name="Set Variable" owner="BuiltIn">
<msg time="2025-09-07T23:16:56.081904" level="INFO">${locator_categoria} = //span[contains(text(),'Computadores e Informática')]</msg>
<var>${locator_categoria}</var>
<arg>//span[contains(text(),'${categoria}')]</arg>
<doc>Returns the given values which can then be assigned to a variables.</doc>
<status status="PASS" start="2025-09-07T23:16:56.081382" elapsed="0.000621"/>
</kw>
<kw name="Wait Until Page Contains Element" owner="SeleniumLibrary">
<arg>${locator_categoria}</arg>
<doc>Waits until the element ``locator`` appears on the current page.</doc>
<status status="PASS" start="2025-09-07T23:16:56.082419" elapsed="0.032691"/>
</kw>
<status status="PASS" start="2025-09-07T23:16:56.080432" elapsed="0.035069"/>
</kw>
<doc>Esse teste verifica o menu eletronico do site da Amazon.com.br
e verifica a categoria computadores e informatica</doc>
<tag>menus</tag>
<status status="PASS" start="2025-09-07T23:16:44.152839" elapsed="11.963267"/>
</test>
<test id="s1-t2" name=" Caso de Teste 02 - Pesquisa de Produto" line="23">
<kw name="Dado que estou na home page da Amazon.com.br" owner="amazon_gherkin_resources">
<kw name="Go To" owner="SeleniumLibrary">
<msg time="2025-09-07T23:16:56.119922" level="INFO">Opening url 'https://www.amazon.com.br'</msg>
<arg>${URL}</arg>
<doc>Navigates the current browser window to the provided ``url``.</doc>
<status status="PASS" start="2025-09-07T23:16:56.119548" elapsed="3.395721"/>
</kw>
<kw name="Wait Until Page Contains Element" owner="SeleniumLibrary">
<arg>${CAMPO_PESQUISA}</arg>
<arg>timeout=10s</arg>
<doc>Waits until the element ``locator`` appears on the current page.</doc>
<status status="PASS" start="2025-09-07T23:16:59.515802" elapsed="0.027190"/>
</kw>
<status status="PASS" start="2025-09-07T23:16:56.118806" elapsed="3.424480"/>
</kw>
<kw name="Quando pesquisar pelo produto &quot;Xbox Series S&quot;" owner="amazon_gherkin_resources" source_name="Quando pesquisar pelo produto &quot;${produto}&quot;">
<kw name="Wait Until Element Is Visible" owner="SeleniumLibrary">
<arg>${CAMPO_PESQUISA}</arg>
<doc>Waits until the element ``locator`` is visible.</doc>
<status status="PASS" start="2025-09-07T23:16:59.545512" elapsed="0.036149"/>
</kw>
<kw name="Input Text" owner="SeleniumLibrary">
<msg time="2025-09-07T23:16:59.582765" level="INFO">Typing text 'Xbox Series S' into text field 'id=twotabsearchtextbox'.</msg>
<arg>${CAMPO_PESQUISA}</arg>
<arg>${produto}</arg>
<doc>Types the given ``text`` into the text field identified by ``locator``.</doc>
<status status="PASS" start="2025-09-07T23:16:59.582166" elapsed="0.420328"/>
</kw>
<kw name="Click Button" owner="SeleniumLibrary">
<msg time="2025-09-07T23:17:00.003634" level="INFO">Clicking button 'id=nav-search-submit-button'.</msg>
<arg>${BOTAO_PESQUISA}</arg>
<doc>Clicks the button identified by ``locator``.</doc>
<status status="PASS" start="2025-09-07T23:17:00.003036" elapsed="3.996025"/>
</kw>
<status status="PASS" start="2025-09-07T23:16:59.544611" elapsed="4.454748"/>
</kw>
<kw name="Então o título da página deve ficar &quot;Amazon.com.br : Xbox Series S&quot;" owner="amazon_gherkin_resources" source_name="Então o título da página deve ficar &quot;${titulo_esperado}&quot;">
<kw name="Title Should Be" owner="SeleniumLibrary">
<msg time="2025-09-07T23:17:04.028360" level="INFO">Page title is 'Amazon.com.br : Xbox Series S'.</msg>
<arg>${titulo_esperado}</arg>
<doc>Verifies that the current page title equals ``title``.</doc>
<status status="PASS" start="2025-09-07T23:17:04.002028" elapsed="0.026972"/>
</kw>
<status status="PASS" start="2025-09-07T23:17:04.001125" elapsed="0.028666"/>
</kw>
<kw name="um produto da linha &quot;Xbox Series S&quot; deve ser mostrado na página" owner="amazon_gherkin_resources" source_name="um produto da linha &quot;${produto}&quot; deve ser mostrado na página">
<kw name="Set Variable" owner="BuiltIn">
<msg time="2025-09-07T23:17:04.032371" level="INFO">${locator_resultado} = //div[@data-component-type='s-search-result']//span[contains(normalize-space(.),'Xbox Series S')]</msg>
<var>${locator_resultado}</var>
<arg>//div[@data-component-type='s-search-result']//span[contains(normalize-space(.),'${produto}')]</arg>
<doc>Returns the given values which can then be assigned to a variables.</doc>
<status status="PASS" start="2025-09-07T23:17:04.031713" elapsed="0.000771"/>
</kw>
<kw name="Wait Until Page Contains Element" owner="SeleniumLibrary">
<arg>${locator_resultado}</arg>
<doc>Waits until the element ``locator`` appears on the current page.</doc>
<status status="PASS" start="2025-09-07T23:17:04.033036" elapsed="0.050945"/>
</kw>
<status status="PASS" start="2025-09-07T23:17:04.030727" elapsed="0.053530"/>
</kw>
<doc>Esse teste verifica a busca de produto a adição e remoção de um produto no carrinho de compras.</doc>
<tag>busca_produtos lista_busca</tag>
<status status="PASS" start="2025-09-07T23:16:56.117309" elapsed="7.967467"/>
</test>
<test id="s1-t3" name="Caso de Teste 03 - Remover Produto do Carrinho" line="32">
<kw name="E Adicionar o produto &quot;Console Xbox Series S&quot; no carrinho" owner="amazon_gherkin_resources" source_name="E Adicionar o produto &quot;${produto}&quot; no carrinho">
<kw name="Set Variable" owner="BuiltIn">
<msg time="2025-09-07T23:17:04.089105" level="INFO">${locator_link_produto} = //div[@data-component-type='s-search-result']//span[contains(normalize-space(.),'Console Xbox Series S')]</msg>
<var>${locator_link_produto}</var>
<arg>//div[@data-component-type='s-search-result']//span[contains(normalize-space(.),'${produto}')]</arg>
<doc>Returns the given values which can then be assigned to a variables.</doc>
<status status="PASS" start="2025-09-07T23:17:04.088307" elapsed="0.000932"/>
</kw>
<kw name="Wait Until Element Is Visible" owner="SeleniumLibrary">
<arg>${locator_link_produto}</arg>
<doc>Waits until the element ``locator`` is visible.</doc>
<status status="PASS" start="2025-09-07T23:17:04.089917" elapsed="0.154414"/>
</kw>
<kw name="Click Element" owner="SeleniumLibrary">
<msg time="2025-09-07T23:17:04.245415" level="INFO">Clicking element '//div[@data-component-type='s-search-result']//span[contains(normalize-space(.),'Console Xbox Series S')]'.</msg>
<arg>${locator_link_produto}</arg>
<doc>Click the element identified by ``locator``.</doc>
<status status="PASS" start="2025-09-07T23:17:04.244838" elapsed="4.638377"/>
</kw>
<kw name="Wait Until Element Is Visible" owner="SeleniumLibrary">
<arg>id=add-to-cart-button</arg>
<arg>timeout=10s</arg>
<doc>Waits until the element ``locator`` is visible.</doc>
<status status="PASS" start="2025-09-07T23:17:08.883756" elapsed="0.159423"/>
</kw>
<kw name="Click Element" owner="SeleniumLibrary">
<msg time="2025-09-07T23:17:09.044174" level="INFO">Clicking element 'id=add-to-cart-button'.</msg>
<arg>id=add-to-cart-button</arg>
<doc>Click the element identified by ``locator``.</doc>
<status status="PASS" start="2025-09-07T23:17:09.043700" elapsed="0.697582"/>
</kw>
<kw name="Capture Page Screenshot" owner="SeleniumLibrary">
<msg time="2025-09-07T23:17:10.090068" level="INFO" html="true">&lt;/td&gt;&lt;/tr&gt;&lt;tr&gt;&lt;td colspan="3"&gt;&lt;a href="depois_de_clicar_em_adicionar.png"&gt;&lt;img src="depois_de_clicar_em_adicionar.png" width="800px"&gt;&lt;/a&gt;</msg>
<arg>depois_de_clicar_em_adicionar.png</arg>
<doc>Takes a screenshot of the current page and embeds it into a log file.</doc>
<status status="PASS" start="2025-09-07T23:17:09.741876" elapsed="0.348392"/>
</kw>
<kw name="Run Keyword And Return Status" owner="BuiltIn">
<kw name="Wait Until Element Is Visible" owner="SeleniumLibrary">
<arg>${BOTAO_POPUP_NAO_OBRIGADO}</arg>
<arg>timeout=15s</arg>
<doc>Waits until the element ``locator`` is visible.</doc>
<status status="PASS" start="2025-09-07T23:17:10.091041" elapsed="0.974948"/>
</kw>
<msg time="2025-09-07T23:17:11.066411" level="INFO">${popup_apareceu} = True</msg>
<var>${popup_apareceu}</var>
<arg>Wait Until Element Is Visible</arg>
<arg>${BOTAO_POPUP_NAO_OBRIGADO}</arg>
<arg>timeout=15s</arg>
<doc>Runs the given keyword with given arguments and returns the status as a Boolean value.</doc>
<status status="PASS" start="2025-09-07T23:17:10.090679" elapsed="0.975826"/>
</kw>
<kw name="Run Keyword If" owner="BuiltIn">
<kw name="Click Element" owner="SeleniumLibrary">
<msg time="2025-09-07T23:17:11.068391" level="INFO">Clicking element '//input[@aria-labelledby='attachSiNoCoverage-announce']'.</msg>
<arg>${BOTAO_POPUP_NAO_OBRIGADO}</arg>
<doc>Click the element identified by ``locator``.</doc>
<status status="PASS" start="2025-09-07T23:17:11.067894" elapsed="0.313038"/>
</kw>
<arg>${popup_apareceu}</arg>
<arg>Click Element</arg>
<arg>${BOTAO_POPUP_NAO_OBRIGADO}</arg>
<doc>Runs the given keyword with the given arguments, if ``condition`` is true.</doc>
<status status="PASS" start="2025-09-07T23:17:11.067216" elapsed="0.313933"/>
</kw>
<kw name="Run Keyword If" owner="BuiltIn">
<kw name="Capture Page Screenshot" owner="SeleniumLibrary">
<msg time="2025-09-07T23:17:11.944093" level="INFO" html="true">&lt;/td&gt;&lt;/tr&gt;&lt;tr&gt;&lt;td colspan="3"&gt;&lt;a href="depois_de_fechar_popup.png"&gt;&lt;img src="depois_de_fechar_popup.png" width="800px"&gt;&lt;/a&gt;</msg>
<arg>depois_de_fechar_popup.png</arg>
<doc>Takes a screenshot of the current page and embeds it into a log file.</doc>
<status status="PASS" start="2025-09-07T23:17:11.382477" elapsed="0.561879"/>
</kw>
<arg>${popup_apareceu}</arg>
<arg>Capture Page Screenshot</arg>
<arg>depois_de_fechar_popup.png</arg>
<doc>Runs the given keyword with the given arguments, if ``condition`` is true.</doc>
<status status="PASS" start="2025-09-07T23:17:11.381590" elapsed="0.562974"/>
</kw>
<status status="PASS" start="2025-09-07T23:17:04.087452" elapsed="7.857335"/>
</kw>
<kw name="E Verificar se o produto &quot;Console Xbox Series S&quot; foi adicionado com sucesso" owner="amazon_gherkin_resources" source_name="E Verificar se o produto &quot;${produto}&quot; foi adicionado com sucesso">
<kw name="Wait Until Page Contains" owner="SeleniumLibrary">
<arg>Adicionado ao carrinho</arg>
<arg>timeout=15s</arg>
<doc>Waits until ``text`` appears on the current page.</doc>
<status status="PASS" start="2025-09-07T23:17:11.946307" elapsed="0.085442"/>
</kw>
<kw name="Page Should Contain" owner="SeleniumLibrary">
<msg time="2025-09-07T23:17:12.125346" level="INFO">Current page contains text 'Console Xbox Series S'.</msg>
<arg>${produto}</arg>
<doc>Verifies that current page contains ``text``.</doc>
<status status="PASS" start="2025-09-07T23:17:12.032221" elapsed="0.093279"/>
</kw>
<kw name="Capture Page Screenshot" owner="SeleniumLibrary">
<msg time="2025-09-07T23:17:12.474422" level="INFO" html="true">&lt;/td&gt;&lt;/tr&gt;&lt;tr&gt;&lt;td colspan="3"&gt;&lt;a href="pagina_de_confirmacao.png"&gt;&lt;img src="pagina_de_confirmacao.png" width="800px"&gt;&lt;/a&gt;</msg>
<arg>pagina_de_confirmacao.png</arg>
<doc>Takes a screenshot of the current page and embeds it into a log file.</doc>
<status status="PASS" start="2025-09-07T23:17:12.125778" elapsed="0.348862"/>
</kw>
<status status="PASS" start="2025-09-07T23:17:11.945541" elapsed="0.529319"/>
</kw>
<kw name="E Remover o produto &quot;Console Xbox Series S&quot; do carrinho" owner="amazon_gherkin_resources" source_name="E Remover o produto &quot;${produto}&quot; do carrinho">
<kw name="Execute Javascript" owner="SeleniumLibrary">
<msg time="2025-09-07T23:17:12.477127" level="INFO">Executing JavaScript:
document.getElementById('nav-cart').click();
Without any arguments.</msg>
<arg>document.getElementById('nav-cart').click();</arg>
<doc>Executes the given JavaScript code with possible arguments.</doc>
<status status="PASS" start="2025-09-07T23:17:12.476299" elapsed="1.258440"/>
</kw>
<kw name="Set Variable" owner="BuiltIn">
<msg time="2025-09-07T23:17:13.736080" level="INFO">${locator_excluir} = //span[contains(@class, 'sc-product-title') and contains(normalize-space(.), 'Console Xbox Series S')]/ancestor::div[@data-asin]//input[@value='Excluir']</msg>
<var>${locator_excluir}</var>
<arg>//span[contains(@class, 'sc-product-title') and contains(normalize-space(.), '${produto}')]/ancestor::div[@data-asin]//input[@value='Excluir']</arg>
<doc>Returns the given values which can then be assigned to a variables.</doc>
<status status="PASS" start="2025-09-07T23:17:13.735440" elapsed="0.000731"/>
</kw>
<kw name="Wait Until Element Is Visible" owner="SeleniumLibrary">
<arg>${locator_excluir}</arg>
<doc>Waits until the element ``locator`` is visible.</doc>
<status status="PASS" start="2025-09-07T23:17:13.736566" elapsed="0.053533"/>
</kw>
<kw name="Click Element" owner="SeleniumLibrary">
<msg time="2025-09-07T23:17:13.790744" level="INFO">Clicking element '//span[contains(@class, 'sc-product-title') and contains(normalize-space(.), 'Console Xbox Series S')]/ancestor::div[@data-asin]//input[@value='Excluir']'.</msg>
<arg>${locator_excluir}</arg>
<doc>Click the element identified by ``locator``.</doc>
<status status="PASS" start="2025-09-07T23:17:13.790407" elapsed="0.198615"/>
</kw>
<kw name="Set Variable" owner="BuiltIn">
<msg time="2025-09-07T23:17:13.989899" level="INFO">${locator_confirmacao} = //span[starts-with(@id, 'sc-list-item-removed-msg-text-delete-')]</msg>
<var>${locator_confirmacao}</var>
<arg>//span[starts-with(@id, 'sc-list-item-removed-msg-text-delete-')]</arg>
<doc>Returns the given values which can then be assigned to a variables.</doc>
<status status="PASS" start="2025-09-07T23:17:13.989460" elapsed="0.000537"/>
</kw>
<kw name="Wait Until Element Is Visible" owner="SeleniumLibrary">
<arg>${locator_confirmacao}</arg>
<arg>timeout=15s</arg>
<doc>Waits until the element ``locator`` is visible.</doc>
<status status="PASS" start="2025-09-07T23:17:13.990427" elapsed="0.046707"/>
</kw>
<status status="PASS" start="2025-09-07T23:17:12.475591" elapsed="1.561868"/>
</kw>
<kw name="E Verificar se o carrinho fica vazio" owner="amazon_gherkin_resources">
<kw name="Wait Until Element Is Visible" owner="SeleniumLibrary">
<arg>id=nav-cart</arg>
<arg>timeout=10s</arg>
<doc>Waits until the element ``locator`` is visible.</doc>
<status status="PASS" start="2025-09-07T23:17:14.038805" elapsed="0.035889"/>
</kw>
<kw name="Execute Javascript" owner="SeleniumLibrary">
<msg time="2025-09-07T23:17:14.075582" level="INFO">Executing JavaScript:
document.getElementById('nav-cart').click();
Without any arguments.</msg>
<arg>document.getElementById('nav-cart').click();</arg>
<doc>Executes the given JavaScript code with possible arguments.</doc>
<status status="PASS" start="2025-09-07T23:17:14.075007" elapsed="0.889007"/>
</kw>
<kw name="Set Variable" owner="BuiltIn">
<msg time="2025-09-07T23:17:14.964861" level="INFO">${locator_carrinho_vazio} = //h3[normalize-space()='Seu carrinho da Amazon está vazio']</msg>
<var>${locator_carrinho_vazio}</var>
<arg>//h3[normalize-space()='Seu carrinho da Amazon está vazio']</arg>
<doc>Returns the given values which can then be assigned to a variables.</doc>
<status status="PASS" start="2025-09-07T23:17:14.964452" elapsed="0.000506"/>
</kw>
<kw name="Wait Until Element Is Visible" owner="SeleniumLibrary">
<arg>${locator_carrinho_vazio}</arg>
<arg>timeout=10s</arg>
<doc>Waits until the element ``locator`` is visible.</doc>
<status status="PASS" start="2025-09-07T23:17:14.965321" elapsed="0.050122"/>
</kw>
<status status="PASS" start="2025-09-07T23:17:14.038095" elapsed="0.977505"/>
</kw>
<doc>Esse teste verifica a adição e remoção de um produto no carrinho de compras.</doc>
<tag>carrinho</tag>
<status status="PASS" start="2025-09-07T23:17:04.085907" elapsed="10.930011"/>
</test>
<kw name="Fechar o navegador" owner="amazon_gherkin_resources" type="TEARDOWN">
<kw name="Capture Page Screenshot" owner="SeleniumLibrary">
<msg time="2025-09-07T23:17:15.335246" level="INFO" html="true">&lt;/td&gt;&lt;/tr&gt;&lt;tr&gt;&lt;td colspan="3"&gt;&lt;a href="selenium-screenshot-11.png"&gt;&lt;img src="selenium-screenshot-11.png" width="800px"&gt;&lt;/a&gt;</msg>
<doc>Takes a screenshot of the current page and embeds it into a log file.</doc>
<status status="PASS" start="2025-09-07T23:17:15.017527" elapsed="0.317899"/>
</kw>
<kw name="Close Browser" owner="SeleniumLibrary">
<doc>Closes the current browser.</doc>
<status status="PASS" start="2025-09-07T23:17:15.335714" elapsed="2.802734"/>
</kw>
<status status="PASS" start="2025-09-07T23:17:15.017202" elapsed="3.121532"/>
</kw>
<doc>Suite de testes do site da Amazon com Gherkin</doc>
<status status="PASS" start="2025-09-07T23:16:27.533332" elapsed="50.605556"/>
</suite>
<statistics>
<total>
<stat pass="3" fail="0" skip="0">All Tests</stat>
</total>
<tag>
<stat pass="1" fail="0" skip="0">busca_produtos lista_busca</stat>
<stat pass="1" fail="0" skip="0">carrinho</stat>
<stat pass="1" fail="0" skip="0">menus</stat>
</tag>
<suite>
<stat name="Amazon Testes gherkin" id="s1" pass="3" fail="0" skip="0">Amazon Testes gherkin</stat>
</suite>
</statistics>
<errors>
</errors>
</robot>
